2025-09-04T00:29:31.398+05:30  INFO 16376 --- [productmanagement] [main] c.b.ProductmanagementApplication         : Starting ProductmanagementApplication using Java 21.0.6 with PID 16376 (C:\Users\user\Documents\workspace-spring-tools-for-eclipse-4.30.0.RELEASE\productmanagement\target\classes started by user in C:\Users\user\Documents\workspace-spring-tools-for-eclipse-4.30.0.RELEASE\productmanagement)
2025-09-04T00:29:31.400+05:30 DEBUG 16376 --- [productmanagement] [main] c.b.ProductmanagementApplication         : Running with Spring Boot v3.5.5, Spring v6.2.10
2025-09-04T00:29:31.401+05:30  INFO 16376 --- [productmanagement] [main] c.b.ProductmanagementApplication         : No active profile set, falling back to 1 default profile: "default"
2025-09-04T00:29:32.996+05:30  INFO 16376 --- [productmanagement] [main] .s.d.r.c.RepositoryConfigurationDelegate : Bootstrapping Spring Data JPA repositories in DEFAULT mode.
2025-09-04T00:29:33.150+05:30  INFO 16376 --- [productmanagement] [main] .s.d.r.c.RepositoryConfigurationDelegate : Finished Spring Data repository scanning in 134 ms. Found 2 JPA repository interfaces.
2025-09-04T00:29:34.044+05:30  INFO 16376 --- [productmanagement] [main] o.s.b.w.embedded.tomcat.TomcatWebServer  : Tomcat initialized with port 8080 (http)
2025-09-04T00:29:34.073+05:30  INFO 16376 --- [productmanagement] [main] o.apache.catalina.core.StandardService   : Starting service [Tomcat]
2025-09-04T00:29:34.073+05:30  INFO 16376 --- [productmanagement] [main] o.apache.catalina.core.StandardEngine    : Starting Servlet engine: [Apache Tomcat/10.1.44]
2025-09-04T00:29:34.178+05:30  INFO 16376 --- [productmanagement] [main] o.a.c.c.C.[Tomcat].[localhost].[/]       : Initializing Spring embedded WebApplicationContext
2025-09-04T00:29:34.179+05:30  INFO 16376 --- [productmanagement] [main] w.s.c.ServletWebServerApplicationContext : Root WebApplicationContext: initialization completed in 2678 ms
2025-09-04T00:29:34.466+05:30  INFO 16376 --- [productmanagement] [main] o.hibernate.jpa.internal.util.LogHelper  : HHH000204: Processing PersistenceUnitInfo [name: default]
2025-09-04T00:29:34.587+05:30  INFO 16376 --- [productmanagement] [main] org.hibernate.Version                    : HHH000412: Hibernate ORM core version 6.6.26.Final
2025-09-04T00:29:34.652+05:30  INFO 16376 --- [productmanagement] [main] o.h.c.internal.RegionFactoryInitiator    : HHH000026: Second-level cache disabled
2025-09-04T00:29:35.136+05:30  INFO 16376 --- [productmanagement] [main] o.s.o.j.p.SpringPersistenceUnitInfo      : No LoadTimeWeaver setup: ignoring JPA class transformer
2025-09-04T00:29:35.188+05:30  INFO 16376 --- [productmanagement] [main] com.zaxxer.hikari.HikariDataSource       : HikariPool-1 - Starting...
2025-09-04T00:29:35.678+05:30  INFO 16376 --- [productmanagement] [main] com.zaxxer.hikari.pool.HikariPool        : HikariPool-1 - Added connection com.mysql.cj.jdbc.ConnectionImpl@621392ea
2025-09-04T00:29:35.684+05:30  INFO 16376 --- [productmanagement] [main] com.zaxxer.hikari.HikariDataSource       : HikariPool-1 - Start completed.
2025-09-04T00:29:35.819+05:30  WARN 16376 --- [productmanagement] [main] org.hibernate.orm.deprecation            : HHH90000025: MySQL8Dialect does not need to be specified explicitly using 'hibernate.dialect' (remove the property setting and it will be selected by default)
2025-09-04T00:29:35.822+05:30  WARN 16376 --- [productmanagement] [main] org.hibernate.orm.deprecation            : HHH90000026: MySQL8Dialect has been deprecated; use org.hibernate.dialect.MySQLDialect instead
2025-09-04T00:29:35.876+05:30  INFO 16376 --- [productmanagement] [main] org.hibernate.orm.connections.pooling    : HHH10001005: Database info:
	Database JDBC URL [Connecting through datasource 'HikariDataSource (HikariPool-1)']
	Database driver: undefined/unknown
	Database version: 8.0
	Autocommit mode: undefined/unknown
	Isolation level: undefined/unknown
	Minimum pool size: undefined/unknown
	Maximum pool size: undefined/unknown
2025-09-04T00:29:37.603+05:30  INFO 16376 --- [productmanagement] [main] o.h.e.t.j.p.i.JtaPlatformInitiator       : HHH000489: No JTA platform available (set 'hibernate.transaction.jta.platform' to enable JTA platform integration)
2025-09-04T00:29:37.776+05:30  INFO 16376 --- [productmanagement] [main] j.LocalContainerEntityManagerFactoryBean : Initialized JPA EntityManagerFactory for persistence unit 'default'
2025-09-04T00:29:38.578+05:30  INFO 16376 --- [productmanagement] [main] o.s.d.j.r.query.QueryEnhancerFactory     : Hibernate is in classpath; If applicable, HQL parser will be used.
2025-09-04T00:29:39.850+05:30  WARN 16376 --- [productmanagement] [main] JpaBaseConfiguration$JpaWebConfiguration : spring.jpa.open-in-view is enabled by default. Therefore, database queries may be performed during view rendering. Explicitly configure spring.jpa.open-in-view to disable this warning
2025-09-04T00:29:41.174+05:30  INFO 16376 --- [productmanagement] [main] o.s.b.w.embedded.tomcat.TomcatWebServer  : Tomcat started on port 8080 (http) with context path '/'
2025-09-04T00:29:41.189+05:30  INFO 16376 --- [productmanagement] [main] c.b.ProductmanagementApplication         : Started ProductmanagementApplication in 10.724 seconds (process running for 14.062)
2025-09-04T00:29:51.935+05:30  INFO 16376 --- [productmanagement] [http-nio-8080-exec-2] o.a.c.c.C.[Tomcat].[localhost].[/]       : Initializing Spring DispatcherServlet 'dispatcherServlet'
2025-09-04T00:29:51.936+05:30  INFO 16376 --- [productmanagement] [http-nio-8080-exec-2] o.s.web.servlet.DispatcherServlet        : Initializing Servlet 'dispatcherServlet'
2025-09-04T00:29:51.941+05:30  INFO 16376 --- [productmanagement] [http-nio-8080-exec-2] o.s.web.servlet.DispatcherServlet        : Completed initialization in 2 ms
2025-09-04T00:29:52.029+05:30  INFO 16376 --- [productmanagement] [http-nio-8080-exec-2] c.bitsandbites.service.ProductService    : Fetching all products...
2025-09-04T00:29:52.174+05:30 DEBUG 16376 --- [productmanagement] [http-nio-8080-exec-2] org.hibernate.SQL                        : 
    select
        p1_0.id,
        p1_0.category_id,
        p1_0.name,
        p1_0.price 
    from
        product p1_0
2025-09-04T00:29:52.244+05:30 DEBUG 16376 --- [productmanagement] [http-nio-8080-exec-2] org.hibernate.SQL                        : 
    select
        c1_0.id,
        c1_0.name 
    from
        category c1_0 
    where
        c1_0.id=?
2025-09-04T00:29:52.278+05:30 DEBUG 16376 --- [productmanagement] [http-nio-8080-exec-2] org.hibernate.SQL                        : 
    select
        c1_0.id,
        c1_0.name 
    from
        category c1_0 
    where
        c1_0.id=?
2025-09-04T00:29:52.297+05:30 DEBUG 16376 --- [productmanagement] [http-nio-8080-exec-2] c.bitsandbites.service.ProductService    : Fetched 6 products
2025-09-04T01:59:08.856+05:30  WARN 16376 --- [productmanagement] [HikariPool-1:housekeeper] com.zaxxer.hikari.pool.HikariPool        : HikariPool-1 - Thread starvation or clock leap detected (housekeeper delta=16m31s861ms539µs300ns).
2025-09-04T02:00:01.961+05:30  INFO 16376 --- [productmanagement] [http-nio-8080-exec-3] c.bitsandbites.service.ProductService    : Fetching all products...
2025-09-04T02:00:02.211+05:30 DEBUG 16376 --- [productmanagement] [http-nio-8080-exec-3] org.hibernate.SQL                        : 
    select
        p1_0.id,
        p1_0.category_id,
        p1_0.name,
        p1_0.price 
    from
        product p1_0
2025-09-04T02:00:02.328+05:30 DEBUG 16376 --- [productmanagement] [http-nio-8080-exec-3] org.hibernate.SQL                        : 
    select
        c1_0.id,
        c1_0.name 
    from
        category c1_0 
    where
        c1_0.id=?
2025-09-04T02:00:02.374+05:30 DEBUG 16376 --- [productmanagement] [http-nio-8080-exec-3] org.hibernate.SQL                        : 
    select
        c1_0.id,
        c1_0.name 
    from
        category c1_0 
    where
        c1_0.id=?
2025-09-04T02:00:02.562+05:30 DEBUG 16376 --- [productmanagement] [http-nio-8080-exec-3] c.bitsandbites.service.ProductService    : Fetched 6 products
2025-09-04T02:34:27.194+05:30  INFO 16376 --- [productmanagement] [http-nio-8080-exec-8] c.bitsandbites.service.ProductService    : Fetching all products...
2025-09-04T02:34:27.361+05:30 DEBUG 16376 --- [productmanagement] [http-nio-8080-exec-8] org.hibernate.SQL                        : 
    select
        p1_0.id,
        p1_0.category_id,
        p1_0.name,
        p1_0.price 
    from
        product p1_0
2025-09-04T02:34:27.442+05:30 DEBUG 16376 --- [productmanagement] [http-nio-8080-exec-8] org.hibernate.SQL                        : 
    select
        c1_0.id,
        c1_0.name 
    from
        category c1_0 
    where
        c1_0.id=?
2025-09-04T02:34:27.470+05:30 DEBUG 16376 --- [productmanagement] [http-nio-8080-exec-8] org.hibernate.SQL                        : 
    select
        c1_0.id,
        c1_0.name 
    from
        category c1_0 
    where
        c1_0.id=?
2025-09-04T02:34:27.517+05:30 DEBUG 16376 --- [productmanagement] [http-nio-8080-exec-8] c.bitsandbites.service.ProductService    : Fetched 6 products
2025-09-04T02:34:35.573+05:30  INFO 16376 --- [productmanagement] [http-nio-8080-exec-9] c.bitsandbites.service.ProductService    : Fetching all products...
2025-09-04T02:34:35.578+05:30 DEBUG 16376 --- [productmanagement] [http-nio-8080-exec-9] org.hibernate.SQL                        : 
    select
        p1_0.id,
        p1_0.category_id,
        p1_0.name,
        p1_0.price 
    from
        product p1_0
2025-09-04T02:34:35.582+05:30 DEBUG 16376 --- [productmanagement] [http-nio-8080-exec-9] org.hibernate.SQL                        : 
    select
        c1_0.id,
        c1_0.name 
    from
        category c1_0 
    where
        c1_0.id=?
2025-09-04T02:34:35.588+05:30 DEBUG 16376 --- [productmanagement] [http-nio-8080-exec-9] org.hibernate.SQL                        : 
    select
        c1_0.id,
        c1_0.name 
    from
        category c1_0 
    where
        c1_0.id=?
2025-09-04T02:34:35.596+05:30 DEBUG 16376 --- [productmanagement] [http-nio-8080-exec-9] c.bitsandbites.service.ProductService    : Fetched 6 products
2025-09-04T02:34:41.192+05:30  INFO 16376 --- [productmanagement] [RMI TCP Connection(119)-127.0.0.1] inMXBeanRegistrar$SpringApplicationAdmin : Application shutdown requested.
2025-09-04T02:34:41.349+05:30  INFO 16376 --- [productmanagement] [RMI TCP Connection(119)-127.0.0.1] o.s.b.w.e.tomcat.GracefulShutdown        : Commencing graceful shutdown. Waiting for active requests to complete
2025-09-04T02:34:41.491+05:30  INFO 16376 --- [productmanagement] [tomcat-shutdown] o.s.b.w.e.tomcat.GracefulShutdown        : Graceful shutdown complete
2025-09-04T02:34:41.604+05:30  INFO 16376 --- [productmanagement] [RMI TCP Connection(119)-127.0.0.1] j.LocalContainerEntityManagerFactoryBean : Closing JPA EntityManagerFactory for persistence unit 'default'
2025-09-04T02:34:41.685+05:30  INFO 16376 --- [productmanagement] [RMI TCP Connection(119)-127.0.0.1] com.zaxxer.hikari.HikariDataSource       : HikariPool-1 - Shutdown initiated...
2025-09-04T02:34:41.728+05:30  INFO 16376 --- [productmanagement] [RMI TCP Connection(119)-127.0.0.1] com.zaxxer.hikari.HikariDataSource       : HikariPool-1 - Shutdown completed.
2025-09-04T02:34:48.825+05:30  INFO 17008 --- [productmanagement] [main] c.b.ProductmanagementApplication         : Starting ProductmanagementApplication using Java 21.0.6 with PID 17008 (C:\Users\user\Documents\workspace-spring-tools-for-eclipse-4.30.0.RELEASE\productmanagement\target\classes started by user in C:\Users\user\Documents\workspace-spring-tools-for-eclipse-4.30.0.RELEASE\productmanagement)
2025-09-04T02:34:48.829+05:30 DEBUG 17008 --- [productmanagement] [main] c.b.ProductmanagementApplication         : Running with Spring Boot v3.5.5, Spring v6.2.10
2025-09-04T02:34:48.830+05:30  INFO 17008 --- [productmanagement] [main] c.b.ProductmanagementApplication         : No active profile set, falling back to 1 default profile: "default"
2025-09-04T02:34:50.573+05:30  INFO 17008 --- [productmanagement] [main] .s.d.r.c.RepositoryConfigurationDelegate : Bootstrapping Spring Data JPA repositories in DEFAULT mode.
2025-09-04T02:34:50.755+05:30  INFO 17008 --- [productmanagement] [main] .s.d.r.c.RepositoryConfigurationDelegate : Finished Spring Data repository scanning in 142 ms. Found 2 JPA repository interfaces.
2025-09-04T02:34:51.947+05:30  INFO 17008 --- [productmanagement] [main] o.s.b.w.embedded.tomcat.TomcatWebServer  : Tomcat initialized with port 8080 (http)
2025-09-04T02:34:51.969+05:30  INFO 17008 --- [productmanagement] [main] o.apache.catalina.core.StandardService   : Starting service [Tomcat]
2025-09-04T02:34:51.970+05:30  INFO 17008 --- [productmanagement] [main] o.apache.catalina.core.StandardEngine    : Starting Servlet engine: [Apache Tomcat/10.1.44]
2025-09-04T02:34:52.075+05:30  INFO 17008 --- [productmanagement] [main] o.a.c.c.C.[Tomcat].[localhost].[/]       : Initializing Spring embedded WebApplicationContext
2025-09-04T02:34:52.075+05:30  INFO 17008 --- [productmanagement] [main] w.s.c.ServletWebServerApplicationContext : Root WebApplicationContext: initialization completed in 3140 ms
2025-09-04T02:34:52.436+05:30  INFO 17008 --- [productmanagement] [main] o.hibernate.jpa.internal.util.LogHelper  : HHH000204: Processing PersistenceUnitInfo [name: default]
2025-09-04T02:34:52.571+05:30  INFO 17008 --- [productmanagement] [main] org.hibernate.Version                    : HHH000412: Hibernate ORM core version 6.6.26.Final
2025-09-04T02:34:52.650+05:30  INFO 17008 --- [productmanagement] [main] o.h.c.internal.RegionFactoryInitiator    : HHH000026: Second-level cache disabled
2025-09-04T02:34:53.203+05:30  INFO 17008 --- [productmanagement] [main] o.s.o.j.p.SpringPersistenceUnitInfo      : No LoadTimeWeaver setup: ignoring JPA class transformer
2025-09-04T02:34:53.258+05:30  INFO 17008 --- [productmanagement] [main] com.zaxxer.hikari.HikariDataSource       : HikariPool-1 - Starting...
2025-09-04T02:34:53.640+05:30  INFO 17008 --- [productmanagement] [main] com.zaxxer.hikari.pool.HikariPool        : HikariPool-1 - Added connection com.mysql.cj.jdbc.ConnectionImpl@6fa7ce4
2025-09-04T02:34:53.643+05:30  INFO 17008 --- [productmanagement] [main] com.zaxxer.hikari.HikariDataSource       : HikariPool-1 - Start completed.
2025-09-04T02:34:53.790+05:30  WARN 17008 --- [productmanagement] [main] org.hibernate.orm.deprecation            : HHH90000025: MySQL8Dialect does not need to be specified explicitly using 'hibernate.dialect' (remove the property setting and it will be selected by default)
2025-09-04T02:34:53.794+05:30  WARN 17008 --- [productmanagement] [main] org.hibernate.orm.deprecation            : HHH90000026: MySQL8Dialect has been deprecated; use org.hibernate.dialect.MySQLDialect instead
2025-09-04T02:34:53.849+05:30  INFO 17008 --- [productmanagement] [main] org.hibernate.orm.connections.pooling    : HHH10001005: Database info:
	Database JDBC URL [Connecting through datasource 'HikariDataSource (HikariPool-1)']
	Database driver: undefined/unknown
	Database version: 8.0
	Autocommit mode: undefined/unknown
	Isolation level: undefined/unknown
	Minimum pool size: undefined/unknown
	Maximum pool size: undefined/unknown
2025-09-04T02:34:55.715+05:30  INFO 17008 --- [productmanagement] [main] o.h.e.t.j.p.i.JtaPlatformInitiator       : HHH000489: No JTA platform available (set 'hibernate.transaction.jta.platform' to enable JTA platform integration)
2025-09-04T02:34:55.949+05:30  INFO 17008 --- [productmanagement] [main] j.LocalContainerEntityManagerFactoryBean : Initialized JPA EntityManagerFactory for persistence unit 'default'
2025-09-04T02:34:56.617+05:30  INFO 17008 --- [productmanagement] [main] o.s.d.j.r.query.QueryEnhancerFactory     : Hibernate is in classpath; If applicable, HQL parser will be used.
2025-09-04T02:34:57.849+05:30  WARN 17008 --- [productmanagement] [main] JpaBaseConfiguration$JpaWebConfiguration : spring.jpa.open-in-view is enabled by default. Therefore, database queries may be performed during view rendering. Explicitly configure spring.jpa.open-in-view to disable this warning
2025-09-04T02:34:58.233+05:30  INFO 17008 --- [productmanagement] [main] r$InitializeUserDetailsManagerConfigurer : Global AuthenticationManager configured with UserDetailsService bean with name userDetailsService
2025-09-04T02:35:00.030+05:30  INFO 17008 --- [productmanagement] [main] o.s.b.w.embedded.tomcat.TomcatWebServer  : Tomcat started on port 8080 (http) with context path '/'
2025-09-04T02:35:00.053+05:30  INFO 17008 --- [productmanagement] [main] c.b.ProductmanagementApplication         : Started ProductmanagementApplication in 12.126 seconds (process running for 14.653)
2025-09-04T02:35:18.905+05:30  INFO 17008 --- [productmanagement] [http-nio-8080-exec-2] o.a.c.c.C.[Tomcat].[localhost].[/]       : Initializing Spring DispatcherServlet 'dispatcherServlet'
2025-09-04T02:35:18.906+05:30  INFO 17008 --- [productmanagement] [http-nio-8080-exec-2] o.s.web.servlet.DispatcherServlet        : Initializing Servlet 'dispatcherServlet'
2025-09-04T02:35:18.907+05:30  INFO 17008 --- [productmanagement] [http-nio-8080-exec-2] o.s.web.servlet.DispatcherServlet        : Completed initialization in 1 ms
2025-09-04T02:35:30.369+05:30  INFO 17008 --- [productmanagement] [http-nio-8080-exec-3] c.bitsandbites.service.ProductService    : Fetching all products...
2025-09-04T02:35:30.521+05:30 DEBUG 17008 --- [productmanagement] [http-nio-8080-exec-3] org.hibernate.SQL                        : 
    select
        p1_0.id,
        p1_0.category_id,
        p1_0.name,
        p1_0.price 
    from
        product p1_0
2025-09-04T02:35:30.603+05:30 DEBUG 17008 --- [productmanagement] [http-nio-8080-exec-3] org.hibernate.SQL                        : 
    select
        c1_0.id,
        c1_0.name 
    from
        category c1_0 
    where
        c1_0.id=?
2025-09-04T02:35:30.654+05:30 DEBUG 17008 --- [productmanagement] [http-nio-8080-exec-3] org.hibernate.SQL                        : 
    select
        c1_0.id,
        c1_0.name 
    from
        category c1_0 
    where
        c1_0.id=?
2025-09-04T02:35:30.670+05:30 DEBUG 17008 --- [productmanagement] [http-nio-8080-exec-3] c.bitsandbites.service.ProductService    : Fetched 6 products
